[2022-12-20T16:03:58.273] [INFO] myInfo - 数据库连接成功
[2022-12-20T16:04:03.082] [INFO] myInfo - 数据库连接成功
[2022-12-20T16:04:21.933] [INFO] myInfo - 数据库连接成功
[2022-12-20T16:04:36.354] [INFO] myInfo - post请求，params:{"state":2,"roleList":[],"userName":"lmx","userEmail":"212@163.com","deptId":["60167059c9027b7d2c520a61","60167345c6a4417f2d27506f"],"action":"add"}
[2022-12-20T16:04:40.811] [INFO] myInfo - get请求，params:{"pageNum":"1","pageSize":"10","total":"16","state":"1"}
[2022-12-20T16:04:53.880] [INFO] myInfo - post请求，params:{"state":2,"roleList":[],"userName":"aa","userEmail":"a@163.com","deptId":["60167059c9027b7d2c520a61","60167345c6a4417f2d27506f"],"action":"add"}
[2022-12-20T16:04:54.864] [INFO] myInfo - post请求，params:{"state":2,"roleList":[],"userName":"aa","userEmail":"a@163.com","deptId":["60167059c9027b7d2c520a61","60167345c6a4417f2d27506f"],"action":"add"}
[2022-12-20T16:04:55.694] [INFO] myInfo - get请求，params:{"pageNum":"1","pageSize":"10","total":"16","state":"1"}
[2022-12-20T16:19:55.834] [INFO] myInfo - 数据库连接成功
[2022-12-20T16:20:03.286] [INFO] myInfo - 数据库连接成功
[2022-12-20T16:20:10.730] [INFO] myInfo - 数据库连接成功
[2022-12-20T16:20:16.426] [INFO] myInfo - 数据库连接成功
[2022-12-20T16:20:19.981] [INFO] myInfo - 数据库连接成功
[2022-12-20T16:20:26.065] [INFO] myInfo - 数据库连接成功
[2022-12-20T16:20:29.406] [INFO] myInfo - 数据库连接成功
[2022-12-20T16:20:34.731] [INFO] myInfo - 数据库连接成功
[2022-12-20T16:20:40.732] [INFO] myInfo - 数据库连接成功
[2022-12-20T16:20:44.493] [INFO] myInfo - 数据库连接成功
[2022-12-20T16:20:46.196] [INFO] myInfo - 数据库连接成功
[2022-12-20T16:20:54.002] [INFO] myInfo - 数据库连接成功
[2022-12-20T16:20:58.713] [INFO] myInfo - 数据库连接成功
[2022-12-20T16:21:05.059] [INFO] myInfo - 数据库连接成功
[2022-12-20T16:38:09.956] [INFO] myInfo - 数据库连接成功
[2022-12-20T16:38:15.152] [INFO] myInfo - 数据库连接成功
[2022-12-20T16:39:23.712] [INFO] myInfo - 数据库连接成功
[2022-12-20T16:39:26.010] [INFO] myInfo - 数据库连接成功
[2022-12-20T16:39:31.436] [INFO] myInfo - 数据库连接成功
[2022-12-20T16:39:32.977] [INFO] myInfo - 数据库连接成功
[2022-12-20T16:39:35.526] [INFO] myInfo - 数据库连接成功
[2022-12-20T16:40:11.690] [INFO] myInfo - 数据库连接成功
[2022-12-20T16:40:41.418] [INFO] myInfo - 数据库连接成功
[2022-12-20T16:41:48.654] [INFO] myInfo - 数据库连接成功
[2022-12-20T16:41:49.833] [INFO] myInfo - 数据库连接成功
[2022-12-20T16:41:53.284] [INFO] myInfo - 数据库连接成功
[2022-12-20T16:41:57.366] [INFO] myInfo - 数据库连接成功
[2022-12-20T16:41:59.645] [INFO] myInfo - 数据库连接成功
[2022-12-20T16:42:03.801] [INFO] myInfo - 数据库连接成功
[2022-12-20T16:42:06.803] [INFO] myInfo - 数据库连接成功
[2022-12-20T16:42:08.395] [INFO] myInfo - 数据库连接成功
[2022-12-20T16:42:10.844] [INFO] myInfo - 数据库连接成功
[2022-12-20T16:42:14.163] [INFO] myInfo - 数据库连接成功
[2022-12-20T16:42:16.044] [INFO] myInfo - 数据库连接成功
[2022-12-20T16:42:17.893] [INFO] myInfo - 数据库连接成功
[2022-12-20T16:42:20.875] [INFO] myInfo - 数据库连接成功
[2022-12-20T16:42:24.886] [INFO] myInfo - 数据库连接成功
[2022-12-20T16:42:26.475] [INFO] myInfo - 数据库连接成功
[2022-12-20T16:42:28.679] [INFO] myInfo - 数据库连接成功
[2022-12-20T16:42:32.009] [INFO] myInfo - 数据库连接成功
[2022-12-20T16:42:58.951] [INFO] myInfo - 数据库连接成功
[2022-12-20T16:42:59.842] [INFO] myInfo - 数据库连接成功
[2022-12-20T16:43:15.252] [INFO] myInfo - 数据库连接成功
[2022-12-20T16:43:18.048] [INFO] myInfo - 数据库连接成功
[2022-12-20T16:43:19.404] [INFO] myInfo - 数据库连接成功
[2022-12-20T16:43:27.815] [INFO] myInfo - 数据库连接成功
[2022-12-20T16:43:30.357] [INFO] myInfo - 数据库连接成功
[2022-12-20T16:43:31.811] [INFO] myInfo - 数据库连接成功
[2022-12-20T16:43:33.852] [INFO] myInfo - 数据库连接成功
[2022-12-20T16:43:35.419] [INFO] myInfo - 数据库连接成功
[2022-12-20T16:43:38.989] [INFO] myInfo - 数据库连接成功
[2022-12-20T16:43:40.305] [INFO] myInfo - 数据库连接成功
[2022-12-20T16:43:42.984] [INFO] myInfo - 数据库连接成功
[2022-12-20T16:43:46.593] [INFO] myInfo - 数据库连接成功
[2022-12-20T16:43:47.810] [INFO] myInfo - 数据库连接成功
[2022-12-20T16:43:52.416] [INFO] myInfo - 数据库连接成功
[2022-12-20T16:43:57.047] [INFO] myInfo - 数据库连接成功
[2022-12-20T16:43:58.705] [INFO] myInfo - 数据库连接成功
[2022-12-20T16:44:00.038] [INFO] myInfo - 数据库连接成功
[2022-12-20T16:44:06.604] [INFO] myInfo - 数据库连接成功
[2022-12-20T16:44:08.929] [INFO] myInfo - 数据库连接成功
[2022-12-20T16:44:29.161] [INFO] myInfo - 数据库连接成功
[2022-12-20T16:44:33.389] [INFO] myInfo - 数据库连接成功
[2022-12-20T16:44:36.023] [INFO] myInfo - 数据库连接成功
[2022-12-20T16:44:44.105] [INFO] myInfo - 数据库连接成功
[2022-12-20T16:44:46.135] [INFO] myInfo - 数据库连接成功
[2022-12-20T16:44:48.897] [INFO] myInfo - 数据库连接成功
[2022-12-20T16:44:50.327] [INFO] myInfo - 数据库连接成功
[2022-12-20T16:44:52.844] [INFO] myInfo - 数据库连接成功
[2022-12-20T16:44:54.113] [INFO] myInfo - 数据库连接成功
[2022-12-20T16:44:59.140] [INFO] myInfo - 数据库连接成功
[2022-12-20T16:45:02.170] [INFO] myInfo - 数据库连接成功
[2022-12-20T16:45:05.960] [INFO] myInfo - 数据库连接成功
[2022-12-20T16:45:09.982] [INFO] myInfo - 数据库连接成功
[2022-12-20T16:45:24.035] [INFO] myInfo - 数据库连接成功
[2022-12-20T16:46:18.046] [INFO] myInfo - 数据库连接成功
[2022-12-20T16:46:19.284] [INFO] myInfo - 数据库连接成功
[2022-12-20T16:46:24.311] [INFO] myInfo - 数据库连接成功
[2022-12-20T16:46:25.601] [INFO] myInfo - 数据库连接成功
[2022-12-20T16:46:39.836] [INFO] myInfo - 数据库连接成功
[2022-12-20T16:46:40.125] [INFO] myInfo - 数据库连接成功
[2022-12-20T16:47:49.538] [INFO] myInfo - 数据库连接成功
[2022-12-20T16:47:51.981] [INFO] myInfo - 数据库连接成功
[2022-12-20T16:47:54.108] [INFO] myInfo - 数据库连接成功
[2022-12-20T16:48:23.218] [INFO] myInfo - 数据库连接成功
[2022-12-20T16:48:34.665] [INFO] myInfo - 数据库连接成功
[2022-12-20T16:48:39.667] [INFO] myInfo - 数据库连接成功
[2022-12-20T16:48:43.758] [INFO] myInfo - 数据库连接成功
[2022-12-20T17:09:24.803] [INFO] myInfo - 数据库连接成功
[2022-12-20T17:09:27.291] [INFO] myInfo - post请求，params:{"state":1,"roleList":["60180b07b1eaed6c45fbebdb"],"userName":"张三","userEmail":"zhangsan@163.com","deptId":["60167059c9027b7d2c520a61","60167345c6a4417f2d27506f"],"mobile":"18723131388","job":"研发岗","action":"add"}
[2022-12-20T17:10:28.355] [INFO] myInfo - 数据库连接成功
[2022-12-20T17:11:12.909] [INFO] myInfo - 数据库连接成功
[2022-12-20T17:11:13.908] [INFO] myInfo - 数据库连接成功
[2022-12-20T17:11:18.931] [INFO] myInfo - post请求，params:{"state":1,"roleList":["60180b07b1eaed6c45fbebdb"],"userName":"张三","userEmail":"zhangsan@163.com","deptId":["60167059c9027b7d2c520a61","60167345c6a4417f2d27506f"],"mobile":"18723131388","job":"研发岗","action":"add"}
[2022-12-20T17:11:19.018] [INFO] myInfo - get请求，params:{"pageNum":"1","pageSize":"10","total":"16","state":"1"}
[2022-12-20T17:11:19.060] [INFO] myInfo - get请求，params:{"pageNum":"1","pageSize":"10","total":"16","state":"1"}
[2022-12-20T17:11:25.434] [INFO] myInfo - get请求，params:{"pageNum":"2","pageSize":"10","total":"17","state":"1"}
[2022-12-20T17:12:23.365] [INFO] myInfo - post请求，params:{"state":3,"roleList":["60180b80b1eaed6c45fbebe1"],"userName":"王五","userEmail":"wangwu@163.com","deptId":["60167059c9027b7d2c520a61","6016728fc6a4417f2d27506e","60167621531124822b79e124"],"mobile":"18723131313","action":"add"}
[2022-12-20T17:12:23.407] [INFO] myInfo - get请求，params:{"pageNum":"2","pageSize":"10","total":"17","state":"1"}
[2022-12-20T17:12:23.419] [INFO] myInfo - get请求，params:{"pageNum":"2","pageSize":"10","total":"17","state":"1"}
[2022-12-20T17:12:27.953] [INFO] myInfo - get请求，params:{"pageNum":"2","pageSize":"10","total":"17","state":"1"}
[2022-12-20T17:12:30.700] [INFO] myInfo - get请求，params:{"pageNum":"2","pageSize":"10","total":"17","state":"1"}
[2022-12-20T17:12:32.881] [INFO] myInfo - get请求，params:{"pageNum":"2","pageSize":"10","total":"17","state":"1"}
[2022-12-20T17:12:33.931] [INFO] myInfo - get请求，params:{"pageNum":"2","pageSize":"10","total":"17","state":"1"}
[2022-12-20T17:12:36.296] [INFO] myInfo - get请求，params:{"pageNum":"2","pageSize":"10","total":"17","state":"0"}
[2022-12-20T17:12:39.116] [INFO] myInfo - get请求，params:{"pageNum":"2","pageSize":"10","total":"102","state":"1"}
[2022-12-20T17:12:41.253] [INFO] myInfo - get请求，params:{"pageNum":"1","pageSize":"10","total":"17","state":"1"}
[2022-12-20T17:12:43.181] [INFO] myInfo - get请求，params:{"pageNum":"2","pageSize":"10","total":"17","state":"1"}
[2022-12-20T17:12:48.115] [INFO] myInfo - get请求，params:{"pageNum":"1","pageSize":"10","total":"17","state":"1"}
[2022-12-20T17:12:54.605] [INFO] myInfo - get请求，params:{"pageNum":"2","pageSize":"10","total":"17","state":"3"}
[2022-12-20T17:12:54.628] [INFO] myInfo - get请求，params:{"pageNum":"1","pageSize":"10","total":"1","state":"3"}
[2022-12-20T17:12:57.419] [INFO] myInfo - get请求，params:{"pageNum":"1","pageSize":"10","total":"1","state":"3"}
[2022-12-20T17:13:58.175] [INFO] myInfo - post请求，params:{"state":3,"roleList":[],"userName":"俄武器","userEmail":"lrherhigvf@163.com","deptId":["60167059c9027b7d2c520a61","60167345c6a4417f2d27506f"],"action":"add"}
[2022-12-20T17:13:58.217] [INFO] myInfo - get请求，params:{"pageNum":"1","pageSize":"10","total":"1","state":"3"}
[2022-12-20T17:13:58.224] [INFO] myInfo - get请求，params:{"pageNum":"1","pageSize":"10","total":"1","state":"3"}
[2022-12-20T17:15:17.324] [INFO] myInfo - 数据库连接成功
[2022-12-20T17:15:38.380] [INFO] myInfo - post请求，params:{"state":3,"roleList":[],"userName":"sdaf","userEmail":"abefe@163.com","deptId":["60167059c9027b7d2c520a61","60167345c6a4417f2d27506f"],"action":"add"}
[2022-12-20T17:15:38.425] [INFO] myInfo - get请求，params:{"pageNum":"1","pageSize":"10","total":"2","state":"3"}
[2022-12-20T17:15:38.436] [INFO] myInfo - get请求，params:{"pageNum":"1","pageSize":"10","total":"2","state":"3"}
[2022-12-20T17:17:12.976] [INFO] myInfo - get请求，params:{"pageNum":"1","pageSize":"10","total":"3","state":"3"}
[2022-12-20T17:17:18.896] [INFO] myInfo - get请求，params:{"pageNum":"1","pageSize":"10","total":"0","state":"1"}
[2022-12-20T17:20:15.509] [INFO] myInfo - get请求，params:{"pageNum":"2","pageSize":"10","total":"16","state":"1"}
[2022-12-20T17:20:17.384] [INFO] myInfo - get请求，params:{"pageNum":"3","pageSize":"10","total":"22","state":"1"}
[2022-12-20T17:20:23.828] [INFO] myInfo - get请求，params:{"pageNum":"3","pageSize":"10","total":"22","state":"0"}
[2022-12-20T17:20:27.065] [INFO] myInfo - get请求，params:{"pageNum":"3","pageSize":"10","total":"100","state":"2"}
[2022-12-20T17:20:31.305] [INFO] myInfo - get请求，params:{"pageNum":"3","pageSize":"10","total":"70","state":"3"}
[2022-12-20T17:20:31.331] [INFO] myInfo - get请求，params:{"pageNum":"1","pageSize":"10","total":"8","state":"3"}
[2022-12-20T17:20:33.782] [INFO] myInfo - get请求，params:{"pageNum":"1","pageSize":"10","total":"8","state":"3"}
[2022-12-20T17:20:35.315] [INFO] myInfo - get请求，params:{"pageNum":"1","pageSize":"10","total":"8","state":"1"}
[2022-12-20T17:20:38.251] [INFO] myInfo - get请求，params:{"pageNum":"1","pageSize":"10","total":"22","state":"3"}
[2022-12-20T17:21:06.841] [INFO] myInfo - get请求，params:{"pageNum":"1","pageSize":"10","total":"8","state":"0"}
[2022-12-20T17:21:10.557] [INFO] myInfo - get请求，params:{"pageNum":"1","pageSize":"10","total":"100","state":"2"}
[2022-12-20T17:28:56.647] [INFO] myInfo - 数据库连接成功
[2022-12-20T17:30:38.953] [INFO] myInfo - 数据库连接成功
[2022-12-20T17:30:40.858] [INFO] myInfo - 数据库连接成功
[2022-12-20T17:30:43.110] [INFO] myInfo - 数据库连接成功
[2022-12-20T17:30:45.406] [INFO] myInfo - 数据库连接成功
[2022-12-20T17:30:49.705] [INFO] myInfo - 数据库连接成功
[2022-12-20T17:30:53.489] [INFO] myInfo - 数据库连接成功
[2022-12-20T17:30:56.499] [INFO] myInfo - 数据库连接成功
[2022-12-20T17:30:58.893] [INFO] myInfo - 数据库连接成功
[2022-12-20T17:31:17.398] [INFO] myInfo - 数据库连接成功
[2022-12-20T17:31:23.212] [INFO] myInfo - get请求，params:{"pageNum":"1","pageSize":"10","total":"70","state":"0"}
[2022-12-20T17:31:44.536] [INFO] myInfo - post请求，params:{"state":2,"roleList":[],"userName":"lmx","userEmail":"21@163.com","deptId":["60167059c9027b7d2c520a61","60167345c6a4417f2d27506f"],"action":"add"}
[2022-12-20T17:31:48.474] [INFO] myInfo - post请求，params:{"state":2,"roleList":[],"userName":"lmxx","userEmail":"21@163.com","deptId":["60167059c9027b7d2c520a61","60167345c6a4417f2d27506f"],"action":"add"}
[2022-12-20T17:31:48.537] [INFO] myInfo - get请求，params:{"pageNum":"1","pageSize":"10","total":"100","state":"0"}
[2022-12-20T17:31:48.556] [INFO] myInfo - get请求，params:{"pageNum":"1","pageSize":"10","total":"100","state":"0"}
[2022-12-20T17:32:31.342] [INFO] myInfo - 数据库连接成功
[2022-12-20T17:33:18.955] [INFO] myInfo - 数据库连接成功
[2022-12-20T17:49:44.724] [INFO] myInfo - 数据库连接成功
[2022-12-20T17:49:56.443] [INFO] myInfo - 数据库连接成功
[2022-12-20T17:49:58.493] [INFO] myInfo - 数据库连接成功
[2022-12-20T17:50:01.592] [INFO] myInfo - 数据库连接成功
[2022-12-20T17:51:42.871] [INFO] myInfo - 数据库连接成功
[2022-12-20T17:51:53.775] [INFO] myInfo - 数据库连接成功
[2022-12-20T17:51:58.369] [INFO] myInfo - 数据库连接成功
[2022-12-20T17:52:02.204] [INFO] myInfo - 数据库连接成功
[2022-12-20T17:52:03.362] [INFO] myInfo - 数据库连接成功
[2022-12-20T17:52:28.675] [INFO] myInfo - 数据库连接成功
[2022-12-20T17:52:51.273] [INFO] myInfo - post请求，params:{"state":2,"roleList":[],"userName":"lumx","userEmail":"efw@163.com","deptId":["60167059c9027b7d2c520a61","60167345c6a4417f2d27506f"],"action":"add"}
[2022-12-20T17:52:51.346] [INFO] myInfo - get请求，params:{"pageNum":"1","pageSize":"10","total":"101","state":"0"}
[2022-12-20T17:52:51.369] [INFO] myInfo - get请求，params:{"pageNum":"1","pageSize":"10","total":"101","state":"0"}
[2022-12-20T17:55:55.822] [INFO] myInfo - get请求，params:{"state":"1"}
[2022-12-20T17:56:00.717] [INFO] myInfo - get请求，params:{"pageNum":"2","pageSize":"10","total":"22","state":"1"}
[2022-12-20T17:56:01.293] [INFO] myInfo - get请求，params:{"pageNum":"3","pageSize":"10","total":"22","state":"1"}
[2022-12-20T17:56:03.611] [INFO] myInfo - get请求，params:{"pageNum":"2","pageSize":"10","total":"22","state":"1"}
[2022-12-20T17:56:07.819] [INFO] myInfo - get请求，params:{"pageNum":"1","pageSize":"10","total":"22","state":"1"}
[2022-12-20T17:57:06.265] [INFO] myInfo - get请求，params:{"pageNum":"1","pageSize":"10","total":"22","state":"1"}
[2022-12-20T17:57:12.870] [INFO] myInfo - 数据库连接成功
[2022-12-20T17:57:16.287] [INFO] myInfo - get请求，params:{"pageNum":"1","pageSize":"10","total":"22","state":"1"}
[2022-12-20T17:57:29.044] [INFO] myInfo - 数据库连接成功
[2022-12-20T17:57:50.370] [INFO] myInfo - 数据库连接成功
[2022-12-20T17:57:53.485] [INFO] myInfo - 数据库连接成功
[2022-12-20T17:57:58.224] [INFO] myInfo - 数据库连接成功
[2022-12-20T17:58:00.081] [INFO] myInfo - 数据库连接成功
[2022-12-20T17:58:02.780] [INFO] myInfo - 数据库连接成功
[2022-12-20T17:58:06.287] [INFO] myInfo - 数据库连接成功
[2022-12-20T17:58:07.964] [INFO] myInfo - 数据库连接成功
[2022-12-20T17:58:17.125] [INFO] myInfo - 数据库连接成功
[2022-12-20T17:59:12.180] [INFO] myInfo - 数据库连接成功
[2022-12-20T17:59:19.120] [INFO] myInfo - 数据库连接成功
[2022-12-20T17:59:22.114] [INFO] myInfo - 数据库连接成功
[2022-12-20T17:59:29.124] [INFO] myInfo - 数据库连接成功
[2022-12-20T17:59:48.493] [INFO] myInfo - 数据库连接成功
[2022-12-20T17:59:53.363] [INFO] myInfo - 数据库连接成功
[2022-12-20T17:59:55.609] [INFO] myInfo - 数据库连接成功
[2022-12-20T18:00:01.479] [INFO] myInfo - 数据库连接成功
[2022-12-20T18:00:03.225] [INFO] myInfo - 数据库连接成功
[2022-12-20T18:00:07.048] [INFO] myInfo - 数据库连接成功
[2022-12-20T18:00:08.364] [INFO] myInfo - 数据库连接成功
[2022-12-20T18:00:10.004] [INFO] myInfo - 数据库连接成功
[2022-12-20T18:00:18.126] [INFO] myInfo - 数据库连接成功
[2022-12-20T18:00:23.163] [INFO] myInfo - 数据库连接成功
[2022-12-20T18:00:25.847] [INFO] myInfo - 数据库连接成功
[2022-12-20T18:00:27.165] [INFO] myInfo - 数据库连接成功
[2022-12-20T18:00:36.724] [INFO] myInfo - 数据库连接成功
[2022-12-20T18:00:42.073] [INFO] myInfo - 数据库连接成功
[2022-12-20T18:00:49.348] [INFO] myInfo - 数据库连接成功
[2022-12-20T18:01:02.582] [INFO] myInfo - 数据库连接成功
[2022-12-20T18:01:05.232] [INFO] myInfo - 数据库连接成功
[2022-12-20T18:01:06.132] [INFO] myInfo - 数据库连接成功
[2022-12-20T18:01:14.137] [INFO] myInfo - 数据库连接成功
[2022-12-20T18:01:24.393] [INFO] myInfo - 数据库连接成功
[2022-12-20T18:01:37.761] [INFO] myInfo - 数据库连接成功
[2022-12-20T18:01:56.777] [INFO] myInfo - 数据库连接成功
[2022-12-20T18:02:32.827] [INFO] myInfo - 数据库连接成功
[2022-12-20T18:02:34.721] [INFO] myInfo - 数据库连接成功
[2022-12-20T18:02:35.759] [INFO] myInfo - 数据库连接成功
[2022-12-20T18:02:39.655] [INFO] myInfo - 数据库连接成功
[2022-12-20T18:02:50.673] [INFO] myInfo - 数据库连接成功
[2022-12-20T18:02:52.165] [INFO] myInfo - 数据库连接成功
[2022-12-20T18:02:53.665] [INFO] myInfo - 数据库连接成功
[2022-12-20T18:03:14.792] [INFO] myInfo - 数据库连接成功
[2022-12-20T18:03:20.620] [INFO] myInfo - 数据库连接成功
[2022-12-20T18:03:24.206] [INFO] myInfo - 数据库连接成功
[2022-12-20T18:03:44.582] [INFO] myInfo - 数据库连接成功
[2022-12-20T18:03:54.360] [INFO] myInfo - 数据库连接成功
[2022-12-20T18:03:57.275] [INFO] myInfo - 数据库连接成功
[2022-12-20T18:03:58.794] [INFO] myInfo - 数据库连接成功
[2022-12-20T18:04:02.027] [INFO] myInfo - 数据库连接成功
[2022-12-20T18:04:04.430] [INFO] myInfo - 数据库连接成功
[2022-12-20T18:04:07.244] [INFO] myInfo - 数据库连接成功
[2022-12-20T18:04:10.360] [INFO] myInfo - 数据库连接成功
[2022-12-20T18:04:11.407] [INFO] myInfo - 数据库连接成功
[2022-12-20T18:04:16.939] [INFO] myInfo - 数据库连接成功
[2022-12-20T18:04:18.283] [INFO] myInfo - 数据库连接成功
[2022-12-20T18:04:20.709] [INFO] myInfo - 数据库连接成功
[2022-12-20T18:04:23.702] [INFO] myInfo - 数据库连接成功
[2022-12-20T18:04:32.821] [INFO] myInfo - 数据库连接成功
[2022-12-20T18:04:34.994] [INFO] myInfo - 数据库连接成功
[2022-12-20T18:04:43.237] [INFO] myInfo - 数据库连接成功
[2022-12-20T18:05:14.200] [INFO] myInfo - get请求，params:{"pageNum":"1","pageSize":"10","total":"22","state":"2"}
[2022-12-20T18:05:32.660] [INFO] myInfo - post请求，params:{"state":3,"roleList":[],"departmentId":[],"role":1,"deptId":["60167059c9027b7d2c520a61","6016734ec6a4417f2d275070"],"userId":107,"userName":"lumx","userEmail":"efw@163.com","createTime":"2022-12-20T09:52:28.657Z","lastLoginTime":"2022-12-20T09:52:28.657Z","__v":0,"createdAt":"2022-12-20T09:52:51.305Z","updatedAt":"2022-12-20T09:52:51.305Z","action":"edit"}
[2022-12-20T18:05:32.718] [INFO] myInfo - get请求，params:{"pageNum":"1","pageSize":"10","total":"72","state":"2"}
[2022-12-20T18:05:32.735] [INFO] myInfo - get请求，params:{"pageNum":"1","pageSize":"10","total":"72","state":"2"}
[2022-12-20T18:05:42.598] [INFO] myInfo - get请求，params:{"pageNum":"1","pageSize":"10","total":"71","state":"3"}
[2022-12-20T18:05:55.090] [INFO] myInfo - get请求，params:{"pageNum":"1","pageSize":"10","total":"9","state":"2"}
[2022-12-20T18:06:24.323] [INFO] myInfo - post请求，params:{"state":1,"roleList":["60180b69b1eaed6c45fbebdf","60180b64b1eaed6c45fbebde"],"departmentId":[],"role":1,"deptId":["60167059c9027b7d2c520a61","6016728fc6a4417f2d27506e","60167621531124822b79e124"],"userId":106,"userName":"lmxx","userEmail":"21@163.com","createTime":"2022-12-20T09:31:17.380Z","lastLoginTime":"2022-12-20T09:31:17.380Z","__v":0,"mobile":"18723131387","createdAt":"2022-12-20T09:31:48.498Z","updatedAt":"2022-12-20T09:31:48.498Z","action":"edit"}
[2022-12-20T18:06:24.368] [INFO] myInfo - get请求，params:{"pageNum":"1","pageSize":"10","total":"71","state":"2"}
[2022-12-20T18:06:24.386] [INFO] myInfo - get请求，params:{"pageNum":"1","pageSize":"10","total":"71","state":"2"}
[2022-12-20T18:06:30.317] [INFO] myInfo - post请求，params:{"state":1,"roleList":["60180b07b1eaed6c45fbebdb","60150cb764de99631b2c3cd3","60180b59b1eaed6c45fbebdc"],"departmentId":[],"role":0,"deptId":["60167059c9027b7d2c520a61","60167345c6a4417f2d27506f"],"userId":1000021,"userName":"Lisa Gonzalez","userEmail":"i.kdblhjmyj@163.com","createTime":"2021-01-17T13:32:06.381Z","lastLoginTime":"2021-01-17T13:32:06.381Z","__v":0,"job":"前端架构师","mobile":"17611020000","createdAt":"2022-12-20T09:31:48.498Z","updatedAt":"2022-12-20T09:31:48.498Z","action":"edit"}
[2022-12-20T18:06:30.352] [INFO] myInfo - get请求，params:{"pageNum":"1","pageSize":"10","total":"70","state":"2"}
[2022-12-20T18:06:30.359] [INFO] myInfo - get请求，params:{"pageNum":"1","pageSize":"10","total":"70","state":"2"}
[2022-12-20T18:06:34.056] [INFO] myInfo - post请求，params:{"state":1,"roleList":["60180b07b1eaed6c45fbebdb","60150cb764de99631b2c3cd3","60180b59b1eaed6c45fbebdc"],"departmentId":[],"role":0,"deptId":["60167059c9027b7d2c520a61","60167345c6a4417f2d27506f"],"userId":1000005,"userName":"Elizabeth Wilson","userEmail":"t.flhij@163.com","createTime":"2021-01-17T13:32:06.381Z","lastLoginTime":"2021-01-17T13:32:06.381Z","__v":0,"job":"前端架构师","mobile":"17611020000","createdAt":"2022-12-20T09:31:48.498Z","updatedAt":"2022-11-22T10:46:42.575Z","action":"edit"}
[2022-12-20T18:06:34.101] [INFO] myInfo - get请求，params:{"pageNum":"1","pageSize":"10","total":"69","state":"2"}
[2022-12-20T18:06:34.114] [INFO] myInfo - get请求，params:{"pageNum":"1","pageSize":"10","total":"69","state":"2"}
[2022-12-20T18:06:37.938] [INFO] myInfo - post请求，params:{"state":1,"roleList":["60180b07b1eaed6c45fbebdb","60150cb764de99631b2c3cd3","60180b59b1eaed6c45fbebdc"],"departmentId":[],"role":1,"deptId":["60167059c9027b7d2c520a61","60167345c6a4417f2d27506f"],"userId":1000014,"userName":"Maria Martinez","userEmail":"t.dkdmndkcdj@163.com","createTime":"2021-01-17T13:32:06.381Z","lastLoginTime":"2021-01-17T13:32:06.381Z","__v":0,"job":"前端架构师","mobile":"17611020000","createdAt":"2022-12-20T09:31:48.498Z","updatedAt":"2022-11-22T10:46:42.575Z","action":"edit"}
[2022-12-20T18:06:37.980] [INFO] myInfo - get请求，params:{"pageNum":"1","pageSize":"10","total":"68","state":"2"}
[2022-12-20T18:06:37.997] [INFO] myInfo - get请求，params:{"pageNum":"1","pageSize":"10","total":"68","state":"2"}
[2022-12-20T18:06:42.332] [INFO] myInfo - post请求，params:{"state":1,"roleList":["60180b07b1eaed6c45fbebdb","60150cb764de99631b2c3cd3","60180b59b1eaed6c45fbebdc"],"departmentId":[],"role":0,"deptId":["60167059c9027b7d2c520a61","60167345c6a4417f2d27506f"],"userId":1000015,"userName":"David Anderson","userEmail":"o.mijiyvhjuw@163.com","createTime":"2021-01-17T13:32:06.381Z","lastLoginTime":"2021-01-17T13:32:06.381Z","__v":0,"job":"前端架构师","mobile":"17611020000","createdAt":"2022-12-20T09:31:48.498Z","updatedAt":"2022-11-22T09:29:38.388Z","action":"edit"}
[2022-12-20T18:06:42.375] [INFO] myInfo - get请求，params:{"pageNum":"1","pageSize":"10","total":"67","state":"2"}
[2022-12-20T18:06:42.389] [INFO] myInfo - get请求，params:{"pageNum":"1","pageSize":"10","total":"67","state":"2"}
[2022-12-20T18:06:46.057] [INFO] myInfo - post请求，params:{"state":1,"roleList":["60180b07b1eaed6c45fbebdb","60150cb764de99631b2c3cd3","60180b59b1eaed6c45fbebdc"],"departmentId":[],"role":0,"deptId":["60167059c9027b7d2c520a61","60167345c6a4417f2d27506f"],"userId":1000017,"userName":"Donna White","userEmail":"c.npbqroxk@163.com","createTime":"2021-01-17T13:32:06.381Z","lastLoginTime":"2021-01-17T13:32:06.381Z","__v":0,"job":"前端架构师","mobile":"17611020000","createdAt":"2022-12-20T09:31:48.498Z","updatedAt":"2022-11-22T09:29:38.388Z","action":"edit"}
[2022-12-20T18:06:46.098] [INFO] myInfo - get请求，params:{"pageNum":"1","pageSize":"10","total":"66","state":"2"}
[2022-12-20T18:06:46.112] [INFO] myInfo - get请求，params:{"pageNum":"1","pageSize":"10","total":"66","state":"2"}
[2022-12-20T18:06:51.041] [INFO] myInfo - post请求，params:{"state":1,"roleList":["60180b07b1eaed6c45fbebdb","60150cb764de99631b2c3cd3","60180b59b1eaed6c45fbebdc"],"departmentId":[],"role":0,"deptId":["60167059c9027b7d2c520a61","60167345c6a4417f2d27506f"],"userId":1000026,"userName":"Thomas Jones","userEmail":"u.iyj@163.com","createTime":"2021-01-17T13:32:06.381Z","lastLoginTime":"2021-01-17T13:32:06.381Z","__v":0,"job":"前端架构师","mobile":"17611020000","createdAt":"2022-12-20T09:31:48.498Z","updatedAt":"2022-11-22T10:47:40.674Z","action":"edit"}
[2022-12-20T18:06:51.078] [INFO] myInfo - get请求，params:{"pageNum":"1","pageSize":"10","total":"65","state":"2"}
[2022-12-20T18:06:51.090] [INFO] myInfo - get请求，params:{"pageNum":"1","pageSize":"10","total":"65","state":"2"}
[2022-12-20T18:06:53.403] [INFO] myInfo - get请求，params:{"pageNum":"7","pageSize":"10","total":"64","state":"2"}
[2022-12-20T18:06:58.350] [INFO] myInfo - post请求，params:{"state":1,"roleList":["60180b07b1eaed6c45fbebdb","60150cb764de99631b2c3cd3","60180b59b1eaed6c45fbebdc"],"departmentId":[],"role":1,"deptId":["60167059c9027b7d2c520a61","60167345c6a4417f2d27506f"],"userId":1000099,"userName":"Michelle Hall","userEmail":"h.hqthmkldyk@163.com","createTime":"2021-01-17T13:32:06.381Z","lastLoginTime":"2021-01-17T13:32:06.381Z","__v":0,"job":"前端架构师","mobile":"17611020000","createdAt":"2022-12-20T09:31:48.498Z","updatedAt":"2022-11-22T10:47:40.674Z","action":"edit"}
[2022-12-20T18:06:58.389] [INFO] myInfo - get请求，params:{"pageNum":"7","pageSize":"10","total":"64","state":"2"}
[2022-12-20T18:06:58.398] [INFO] myInfo - get请求，params:{"pageNum":"7","pageSize":"10","total":"64","state":"2"}
[2022-12-20T18:07:02.348] [INFO] myInfo - post请求，params:{"state":1,"roleList":["60180b07b1eaed6c45fbebdb","60150cb764de99631b2c3cd3","60180b59b1eaed6c45fbebdc"],"departmentId":[],"role":0,"deptId":["60167059c9027b7d2c520a61","60167345c6a4417f2d27506f"],"userId":1000098,"userName":"John Lee","userEmail":"k.qujxlxy@163.com","createTime":"2021-01-17T13:32:06.381Z","lastLoginTime":"2021-01-17T13:32:06.381Z","__v":0,"job":"前端架构师","mobile":"17611020000","createdAt":"2022-12-20T09:31:48.498Z","updatedAt":"2022-11-22T10:50:09.565Z","action":"edit"}
[2022-12-20T18:07:02.386] [INFO] myInfo - get请求，params:{"pageNum":"7","pageSize":"10","total":"63","state":"2"}
[2022-12-20T18:07:02.394] [INFO] myInfo - get请求，params:{"pageNum":"7","pageSize":"10","total":"63","state":"2"}
[2022-12-20T18:07:06.551] [INFO] myInfo - post请求，params:{"state":1,"roleList":["60180b07b1eaed6c45fbebdb","60150cb764de99631b2c3cd3","60180b59b1eaed6c45fbebdc"],"departmentId":[],"role":1,"deptId":["60167059c9027b7d2c520a61","60167345c6a4417f2d27506f"],"userId":1000100,"userName":"Steven Martinez","userEmail":"i.xsshnylj@163.com","createTime":"2021-01-17T13:32:06.381Z","lastLoginTime":"2021-01-17T13:32:06.381Z","__v":0,"job":"前端架构师","mobile":"17611020000","createdAt":"2022-12-20T09:31:48.498Z","updatedAt":"2022-11-22T10:50:09.565Z","action":"edit"}
[2022-12-20T18:07:06.585] [INFO] myInfo - get请求，params:{"pageNum":"7","pageSize":"10","total":"62","state":"2"}
[2022-12-20T18:07:06.602] [INFO] myInfo - get请求，params:{"pageNum":"7","pageSize":"10","total":"62","state":"2"}
[2022-12-20T18:07:08.349] [INFO] myInfo - get请求，params:{"pageNum":"4","pageSize":"10","total":"61","state":"2"}
[2022-12-20T18:07:12.895] [INFO] myInfo - post请求，params:{"state":3,"roleList":["60180b07b1eaed6c45fbebdb","60150cb764de99631b2c3cd3","60180b59b1eaed6c45fbebdc"],"departmentId":[],"role":1,"deptId":["60167059c9027b7d2c520a61","60167345c6a4417f2d27506f"],"userId":1000066,"userName":"Michael Jones","userEmail":"i.udwddudtoy@163.com","createTime":"2021-01-17T13:32:06.381Z","lastLoginTime":"2021-01-17T13:32:06.381Z","__v":0,"job":"前端架构师","mobile":"17611020000","createdAt":"2022-12-20T09:31:48.498Z","updatedAt":"2022-11-22T10:50:09.565Z","action":"edit"}
[2022-12-20T18:07:12.933] [INFO] myInfo - get请求，params:{"pageNum":"4","pageSize":"10","total":"61","state":"2"}
[2022-12-20T18:07:12.944] [INFO] myInfo - get请求，params:{"pageNum":"4","pageSize":"10","total":"61","state":"2"}
[2022-12-20T18:07:17.030] [INFO] myInfo - post请求，params:{"state":3,"roleList":["60180b07b1eaed6c45fbebdb","60150cb764de99631b2c3cd3","60180b59b1eaed6c45fbebdc"],"departmentId":[],"role":1,"deptId":["60167059c9027b7d2c520a61","60167345c6a4417f2d27506f"],"userId":1000006,"userName":"Kenneth Martin","userEmail":"w.eomff@163.com","createTime":"2021-01-17T13:32:06.381Z","lastLoginTime":"2021-01-17T13:32:06.381Z","__v":0,"job":"前端架构师","mobile":"17611020000","createdAt":"2022-12-20T09:31:48.498Z","updatedAt":"2022-11-22T09:29:38.388Z","action":"edit"}
[2022-12-20T18:07:17.073] [INFO] myInfo - get请求，params:{"pageNum":"4","pageSize":"10","total":"60","state":"2"}
[2022-12-20T18:07:17.084] [INFO] myInfo - get请求，params:{"pageNum":"4","pageSize":"10","total":"60","state":"2"}
[2022-12-20T18:07:21.154] [INFO] myInfo - post请求，params:{"state":3,"roleList":["60180b07b1eaed6c45fbebdb","60150cb764de99631b2c3cd3","60180b59b1eaed6c45fbebdc"],"departmentId":[],"role":0,"deptId":["60167059c9027b7d2c520a61","60167345c6a4417f2d27506f"],"userId":1000008,"userName":"Daniel Robinson","userEmail":"m.swqt@163.com","createTime":"2021-01-17T13:32:06.381Z","lastLoginTime":"2021-01-17T13:32:06.381Z","__v":0,"job":"前端架构师","mobile":"17611020000","createdAt":"2022-12-20T09:31:48.498Z","updatedAt":"2022-11-22T09:31:45.532Z","action":"edit"}
[2022-12-20T18:07:21.191] [INFO] myInfo - get请求，params:{"pageNum":"4","pageSize":"10","total":"59","state":"2"}
[2022-12-20T18:07:21.199] [INFO] myInfo - get请求，params:{"pageNum":"4","pageSize":"10","total":"59","state":"2"}
[2022-12-20T18:07:24.709] [INFO] myInfo - post请求，params:{"state":1,"roleList":["60180b07b1eaed6c45fbebdb","60150cb764de99631b2c3cd3","60180b59b1eaed6c45fbebdc"],"departmentId":[],"role":0,"deptId":["60167059c9027b7d2c520a61","60167345c6a4417f2d27506f"],"userId":1000028,"userName":"Joseph Lewis","userEmail":"p.dmkn@163.com","createTime":"2021-01-17T13:32:06.381Z","lastLoginTime":"2021-01-17T13:32:06.381Z","__v":0,"job":"前端架构师","mobile":"17611020000","createdAt":"2022-12-20T09:31:48.498Z","updatedAt":"2022-11-22T09:31:45.532Z","action":"edit"}
[2022-12-20T18:07:24.750] [INFO] myInfo - get请求，params:{"pageNum":"4","pageSize":"10","total":"58","state":"2"}
[2022-12-20T18:07:24.764] [INFO] myInfo - get请求，params:{"pageNum":"4","pageSize":"10","total":"58","state":"2"}
[2022-12-20T18:07:28.158] [INFO] myInfo - post请求，params:{"state":1,"roleList":["60180b07b1eaed6c45fbebdb","60150cb764de99631b2c3cd3","60180b59b1eaed6c45fbebdc"],"departmentId":[],"role":1,"deptId":["60167059c9027b7d2c520a61","60167345c6a4417f2d27506f"],"userId":1000049,"userName":"Linda Johnson","userEmail":"s.ygb@163.com","createTime":"2021-01-17T13:32:06.381Z","lastLoginTime":"2021-01-17T13:32:06.381Z","__v":0,"job":"前端架构师","mobile":"17611020000","createdAt":"2022-12-20T09:31:48.498Z","updatedAt":"2022-11-22T09:31:45.532Z","action":"edit"}
[2022-12-20T18:07:28.196] [INFO] myInfo - get请求，params:{"pageNum":"4","pageSize":"10","total":"57","state":"2"}
[2022-12-20T18:07:28.207] [INFO] myInfo - get请求，params:{"pageNum":"4","pageSize":"10","total":"57","state":"2"}
[2022-12-20T18:07:31.754] [INFO] myInfo - post请求，params:{"state":3,"roleList":["60180b07b1eaed6c45fbebdb","60150cb764de99631b2c3cd3","60180b59b1eaed6c45fbebdc"],"departmentId":[],"role":0,"deptId":["60167059c9027b7d2c520a61","60167345c6a4417f2d27506f"],"userId":1000024,"userName":"Sarah Williams","userEmail":"e.yqvrhh@163.com","createTime":"2021-01-17T13:32:06.381Z","lastLoginTime":"2021-01-17T13:32:06.381Z","__v":0,"job":"前端架构师","mobile":"17611020000","createdAt":"2022-12-20T09:31:48.498Z","updatedAt":"2022-11-22T09:31:45.532Z","action":"edit"}
[2022-12-20T18:07:31.796] [INFO] myInfo - get请求，params:{"pageNum":"4","pageSize":"10","total":"56","state":"2"}
[2022-12-20T18:07:31.808] [INFO] myInfo - get请求，params:{"pageNum":"4","pageSize":"10","total":"56","state":"2"}
[2022-12-20T18:07:35.380] [INFO] myInfo - post请求，params:{"state":3,"roleList":["60180b07b1eaed6c45fbebdb","60150cb764de99631b2c3cd3","60180b59b1eaed6c45fbebdc"],"departmentId":[],"role":0,"deptId":["60167059c9027b7d2c520a61","60167345c6a4417f2d27506f"],"userId":1000020,"userName":"Mary White","userEmail":"d.lzanenjkv@163.com","createTime":"2021-01-17T13:32:06.381Z","lastLoginTime":"2021-01-17T13:32:06.381Z","__v":0,"job":"前端架构师","mobile":"17611020000","createdAt":"2022-12-20T09:31:48.498Z","updatedAt":"2022-11-22T10:46:53.470Z","action":"edit"}
[2022-12-20T18:07:35.413] [INFO] myInfo - get请求，params:{"pageNum":"4","pageSize":"10","total":"55","state":"2"}
[2022-12-20T18:07:35.419] [INFO] myInfo - get请求，params:{"pageNum":"4","pageSize":"10","total":"55","state":"2"}
[2022-12-20T18:07:39.396] [INFO] myInfo - post请求，params:{"state":1,"roleList":["60180b07b1eaed6c45fbebdb","60150cb764de99631b2c3cd3","60180b59b1eaed6c45fbebdc"],"departmentId":[],"role":1,"deptId":["60167059c9027b7d2c520a61","60167345c6a4417f2d27506f"],"userId":1000031,"userName":"Shirley Garcia","userEmail":"u.cmcnqnixi@163.com","createTime":"2021-01-17T13:32:06.381Z","lastLoginTime":"2021-01-17T13:32:06.381Z","__v":0,"job":"前端架构师","mobile":"17611020000","createdAt":"2022-12-20T09:31:48.498Z","updatedAt":"2022-11-22T09:29:38.388Z","action":"edit"}
[2022-12-20T18:07:39.436] [INFO] myInfo - get请求，params:{"pageNum":"4","pageSize":"10","total":"54","state":"2"}
[2022-12-20T18:07:39.448] [INFO] myInfo - get请求，params:{"pageNum":"4","pageSize":"10","total":"54","state":"2"}
[2022-12-20T18:07:43.091] [INFO] myInfo - post请求，params:{"state":1,"roleList":["60180b07b1eaed6c45fbebdb","60150cb764de99631b2c3cd3","60180b59b1eaed6c45fbebdc"],"departmentId":[],"role":1,"deptId":["60167059c9027b7d2c520a61","60167345c6a4417f2d27506f"],"userId":1000032,"userName":"Shirley Williams","userEmail":"h.vnvnabcg@163.com","createTime":"2021-01-17T13:32:06.381Z","lastLoginTime":"2021-01-17T13:32:06.381Z","__v":0,"job":"前端架构师","mobile":"17611020000","createdAt":"2022-12-20T09:31:48.498Z","updatedAt":"2022-11-22T10:49:57.863Z","action":"edit"}
[2022-12-20T18:07:43.127] [INFO] myInfo - get请求，params:{"pageNum":"4","pageSize":"10","total":"53","state":"2"}
[2022-12-20T18:07:43.138] [INFO] myInfo - get请求，params:{"pageNum":"4","pageSize":"10","total":"53","state":"2"}
[2022-12-20T18:07:46.706] [INFO] myInfo - post请求，params:{"state":3,"roleList":["60180b07b1eaed6c45fbebdb","60150cb764de99631b2c3cd3","60180b59b1eaed6c45fbebdc"],"departmentId":[],"role":0,"deptId":["60167059c9027b7d2c520a61","60167345c6a4417f2d27506f"],"userId":1000056,"userName":"Dorothy Harris","userEmail":"i.xmzn@163.com","createTime":"2021-01-17T13:32:06.381Z","lastLoginTime":"2021-01-17T13:32:06.381Z","__v":0,"job":"前端架构师","mobile":"17611020000","createdAt":"2022-12-20T09:31:48.498Z","updatedAt":"2022-11-22T10:49:57.863Z","action":"edit"}
[2022-12-20T18:07:46.749] [INFO] myInfo - get请求，params:{"pageNum":"4","pageSize":"10","total":"52","state":"2"}
[2022-12-20T18:07:46.759] [INFO] myInfo - get请求，params:{"pageNum":"4","pageSize":"10","total":"52","state":"2"}
[2022-12-20T18:07:50.209] [INFO] myInfo - post请求，params:{"state":1,"roleList":["60180b07b1eaed6c45fbebdb","60150cb764de99631b2c3cd3","60180b59b1eaed6c45fbebdc"],"departmentId":[],"role":1,"deptId":["60167059c9027b7d2c520a61","60167345c6a4417f2d27506f"],"userId":1000022,"userName":"David Davis","userEmail":"l.ecjqe@163.com","createTime":"2021-01-17T13:32:06.381Z","lastLoginTime":"2021-01-17T13:32:06.381Z","__v":0,"job":"前端架构师","mobile":"17611020000","createdAt":"2022-12-20T09:31:48.498Z","updatedAt":"2022-11-22T09:29:38.388Z","action":"edit"}
[2022-12-20T18:07:50.251] [INFO] myInfo - get请求，params:{"pageNum":"4","pageSize":"10","total":"51","state":"2"}
[2022-12-20T18:07:50.263] [INFO] myInfo - get请求，params:{"pageNum":"4","pageSize":"10","total":"51","state":"2"}
[2022-12-20T18:07:53.960] [INFO] myInfo - post请求，params:{"state":1,"roleList":["60180b07b1eaed6c45fbebdb","60150cb764de99631b2c3cd3","60180b59b1eaed6c45fbebdc"],"departmentId":[],"role":0,"deptId":["60167059c9027b7d2c520a61","60167345c6a4417f2d27506f"],"userId":1000027,"userName":"Dorothy Lopez","userEmail":"x.usjlsr@163.com","createTime":"2021-01-17T13:32:06.381Z","lastLoginTime":"2021-01-17T13:32:06.381Z","__v":0,"job":"前端架构师","mobile":"17611020000","createdAt":"2022-12-20T09:31:48.498Z","updatedAt":"2022-11-22T10:47:40.674Z","action":"edit"}
[2022-12-20T18:07:54.005] [INFO] myInfo - get请求，params:{"pageNum":"4","pageSize":"10","total":"50","state":"2"}
[2022-12-20T18:07:54.029] [INFO] myInfo - get请求，params:{"pageNum":"4","pageSize":"10","total":"50","state":"2"}
[2022-12-20T18:07:58.245] [INFO] myInfo - post请求，params:{"state":3,"roleList":["60180b07b1eaed6c45fbebdb","60150cb764de99631b2c3cd3","60180b59b1eaed6c45fbebdc"],"departmentId":[],"role":0,"deptId":["60167059c9027b7d2c520a61","60167345c6a4417f2d27506f"],"userId":1000038,"userName":"Jason Thomas","userEmail":"b.owp@163.com","createTime":"2021-01-17T13:32:06.381Z","lastLoginTime":"2021-01-17T13:32:06.381Z","__v":0,"job":"前端架构师","mobile":"17611020000","createdAt":"2022-12-20T09:31:48.498Z","updatedAt":"2022-11-22T10:47:40.674Z","action":"edit"}
[2022-12-20T18:07:58.285] [INFO] myInfo - get请求，params:{"pageNum":"4","pageSize":"10","total":"49","state":"2"}
[2022-12-20T18:07:58.298] [INFO] myInfo - get请求，params:{"pageNum":"4","pageSize":"10","total":"49","state":"2"}
[2022-12-20T18:08:02.569] [INFO] myInfo - post请求，params:{"state":3,"roleList":["60180b07b1eaed6c45fbebdb","60150cb764de99631b2c3cd3","60180b59b1eaed6c45fbebdc"],"departmentId":[],"role":0,"deptId":["60167059c9027b7d2c520a61","60167345c6a4417f2d27506f"],"userId":1000044,"userName":"Barbara Miller","userEmail":"n.wbbinfgor@163.com","createTime":"2021-01-17T13:32:06.381Z","lastLoginTime":"2021-01-17T13:32:06.381Z","__v":0,"job":"前端架构师","mobile":"17611020000","createdAt":"2022-12-20T09:31:48.498Z","updatedAt":"2022-11-22T09:29:38.388Z","action":"edit"}
[2022-12-20T18:08:02.610] [INFO] myInfo - get请求，params:{"pageNum":"4","pageSize":"10","total":"48","state":"2"}
[2022-12-20T18:08:02.621] [INFO] myInfo - get请求，params:{"pageNum":"4","pageSize":"10","total":"48","state":"2"}
[2022-12-20T18:08:08.741] [INFO] myInfo - post请求，params:{"state":3,"roleList":["60180b07b1eaed6c45fbebdb","60150cb764de99631b2c3cd3","60180b59b1eaed6c45fbebdc"],"departmentId":[],"role":0,"deptId":["60167059c9027b7d2c520a61","60167345c6a4417f2d27506f"],"userId":1000084,"userName":"Ruth Moore","userEmail":"d.djohqqg@163.com","createTime":"2021-01-17T13:32:06.381Z","lastLoginTime":"2021-01-17T13:32:06.381Z","__v":0,"job":"前端架构师","mobile":"17611020000","createdAt":"2022-12-20T09:31:48.498Z","updatedAt":"2022-11-22T09:29:38.388Z","action":"edit"}
[2022-12-20T18:08:08.773] [INFO] myInfo - get请求，params:{"pageNum":"4","pageSize":"10","total":"47","state":"2"}
[2022-12-20T18:08:08.783] [INFO] myInfo - get请求，params:{"pageNum":"4","pageSize":"10","total":"47","state":"2"}
[2022-12-20T18:08:13.183] [INFO] myInfo - post请求，params:{"state":1,"roleList":["60180b07b1eaed6c45fbebdb","60150cb764de99631b2c3cd3","60180b59b1eaed6c45fbebdc"],"departmentId":[],"role":0,"deptId":["60167059c9027b7d2c520a61","60167345c6a4417f2d27506f"],"userId":1000076,"userName":"Scott Moore","userEmail":"l.hotuubzie@163.com","createTime":"2021-01-17T13:32:06.381Z","lastLoginTime":"2021-01-17T13:32:06.381Z","__v":0,"job":"前端架构师","mobile":"17611020000","createdAt":"2022-12-20T09:31:48.498Z","updatedAt":"2022-11-22T10:50:09.565Z","action":"edit"}
[2022-12-20T18:08:13.225] [INFO] myInfo - get请求，params:{"pageNum":"4","pageSize":"10","total":"46","state":"2"}
[2022-12-20T18:08:13.236] [INFO] myInfo - get请求，params:{"pageNum":"4","pageSize":"10","total":"46","state":"2"}
[2022-12-20T18:08:14.551] [INFO] myInfo - get请求，params:{"pageNum":"5","pageSize":"10","total":"45","state":"2"}
[2022-12-20T18:08:18.223] [INFO] myInfo - get请求，params:{"pageNum":"5","pageSize":"10","total":"45","state":"3"}
[2022-12-20T18:08:18.247] [INFO] myInfo - get请求，params:{"pageNum":"2","pageSize":"10","total":"18","state":"3"}
[2022-12-20T18:08:22.195] [INFO] myInfo - get请求，params:{"pageNum":"2","pageSize":"10","total":"18","state":"1"}
